<?xml version="1.0" encoding="UTF-8"?>
<testng-results ignored="0" total="1" passed="1" failed="0" skipped="0">
  <reporter-output>
    <line>
      <![CDATA[Execute test case connection]]>
    </line>
    <line>
      <![CDATA[Checking if driver session is closed!!]]>
    </line>
    <line>
      <![CDATA[Driver session is closed..]]>
    </line>
    <line>
      <![CDATA[Initializing driver !!]]>
    </line>
    <line>
      <![CDATA[Setting capabilities for DesktOP Chrome Browser....]]>
    </line>
    <line>
      <![CDATA[Initializing chrome driver on Windows]]>
    </line>
    <line>
      <![CDATA[Chrome driver initialized on local device !!]]>
    </line>
    <line>
      <![CDATA[onTestSuccess....]]>
    </line>
    <line>
      <![CDATA[In After Method..]]>
    </line>
    <line>
      <![CDATA[TestCaseId/TestRunId is either missing or null. Hence not updating status on TestRail]]>
    </line>
    <line>
      <![CDATA[Terminating Driver Session... ]]>
    </line>
  </reporter-output>
  <suite started-at="2023-08-15T13:45:37 IST" name="Default suite" finished-at="2023-08-15T13:45:41 IST" duration-ms="3735">
    <groups>
    </groups>
    <test started-at="2023-08-15T13:45:37 IST" name="Default test" finished-at="2023-08-15T13:45:41 IST" duration-ms="3735">
      <class name="dbUtils.DBConnection">
        <test-method is-config="true" signature="beforeTestMethod(java.lang.String,java.lang.String)[pri:0, instance:dbUtils.DBConnection@79e4c792]" started-at="2023-08-15T13:45:38 IST" name="beforeTestMethod" finished-at="2023-08-15T13:45:38 IST" duration-ms="13" status="PASS">
          <params>
            <param index="0">
              <value is-null="true"/>
            </param>
            <param index="1">
              <value is-null="true"/>
            </param>
          </params>
          <reporter-output>
          </reporter-output>
        </test-method> <!-- beforeTestMethod -->
        <test-method is-config="true" signature="initialSetup()[pri:0, instance:dbUtils.DBConnection@79e4c792]" started-at="2023-08-15T13:45:38 IST" name="initialSetup" finished-at="2023-08-15T13:45:38 IST" duration-ms="1" status="PASS">
          <reporter-output>
          </reporter-output>
        </test-method> <!-- initialSetup -->
        <test-method is-config="true" signature="beforeMethod(java.lang.String,java.lang.String,java.lang.String,java.lang.String,java.lang.String,java.lang.String,java.lang.String,java.lang.String,java.lang.String,java.lang.String,java.lang.String,java.lang.String,java.lang.String,java.lang.String,java.lang.reflect.Method,org.testng.ITestContext)[pri:0, instance:dbUtils.DBConnection@79e4c792]" started-at="2023-08-15T13:45:38 IST" name="beforeMethod" finished-at="2023-08-15T13:45:40 IST" duration-ms="2485" status="PASS">
          <params>
            <param index="0">
              <value is-null="true"/>
            </param>
            <param index="1">
              <value is-null="true"/>
            </param>
            <param index="2">
              <value is-null="true"/>
            </param>
            <param index="3">
              <value is-null="true"/>
            </param>
            <param index="4">
              <value is-null="true"/>
            </param>
            <param index="5">
              <value is-null="true"/>
            </param>
            <param index="6">
              <value is-null="true"/>
            </param>
            <param index="7">
              <value is-null="true"/>
            </param>
            <param index="8">
              <value is-null="true"/>
            </param>
            <param index="9">
              <value is-null="true"/>
            </param>
            <param index="10">
              <value is-null="true"/>
            </param>
            <param index="11">
              <value is-null="true"/>
            </param>
            <param index="12">
              <value is-null="true"/>
            </param>
            <param index="13">
              <value is-null="true"/>
            </param>
            <param index="14">
              <value>
                <![CDATA[public void dbUtils.DBConnection.connection() throws java.lang.Exception]]>
              </value>
            </param>
            <param index="15">
              <value>
                <![CDATA[org.testng.TestRunner@7a572ea0]]>
              </value>
            </param>
          </params>
          <reporter-output>
            <line>
              <![CDATA[Execute test case connection]]>
            </line>
            <line>
              <![CDATA[Checking if driver session is closed!!]]>
            </line>
            <line>
              <![CDATA[Driver session is closed..]]>
            </line>
            <line>
              <![CDATA[Initializing driver !!]]>
            </line>
            <line>
              <![CDATA[Setting capabilities for DesktOP Chrome Browser....]]>
            </line>
            <line>
              <![CDATA[Initializing chrome driver on Windows]]>
            </line>
            <line>
              <![CDATA[Chrome driver initialized on local device !!]]>
            </line>
          </reporter-output>
        </test-method> <!-- beforeMethod -->
        <test-method signature="connection()[pri:0, instance:dbUtils.DBConnection@79e4c792]" started-at="2023-08-15T13:45:40 IST" name="connection" finished-at="2023-08-15T13:45:41 IST" duration-ms="601" status="PASS">
          <reporter-output>
            <line>
              <![CDATA[onTestSuccess....]]>
            </line>
          </reporter-output>
        </test-method> <!-- connection -->
        <test-method is-config="true" signature="afterMethod(org.testng.ITestResult)[pri:0, instance:dbUtils.DBConnection@79e4c792]" started-at="2023-08-15T13:45:41 IST" name="afterMethod" finished-at="2023-08-15T13:45:41 IST" duration-ms="593" status="PASS">
          <params>
            <param index="0">
              <value>
                <![CDATA[[TestResult name=connection status=SUCCESS method=DBConnection.connection()[pri:0, instance:dbUtils.DBConnection@79e4c792] output=onTestSuccess....]]]>
              </value>
            </param>
          </params>
          <reporter-output>
            <line>
              <![CDATA[In After Method..]]>
            </line>
            <line>
              <![CDATA[TestCaseId/TestRunId is either missing or null. Hence not updating status on TestRail]]>
            </line>
          </reporter-output>
        </test-method> <!-- afterMethod -->
        <test-method is-config="true" signature="postScriptsCleaning()[pri:0, instance:dbUtils.DBConnection@79e4c792]" started-at="2023-08-15T13:45:41 IST" name="postScriptsCleaning" finished-at="2023-08-15T13:45:41 IST" duration-ms="176" status="PASS">
          <reporter-output>
            <line>
              <![CDATA[Terminating Driver Session... ]]>
            </line>
          </reporter-output>
        </test-method> <!-- postScriptsCleaning -->
      </class> <!-- dbUtils.DBConnection -->
    </test> <!-- Default test -->
  </suite> <!-- Default suite -->
</testng-results>
